<?xml version="1.0" encoding="UTF-8"?>
<Site BuildName="(empty)"
	BuildStamp="20251103-2033-Experimental"
	Name="(empty)"
	Generator="ctest-3.28.3"
	CompilerName=""
	CompilerVersion=""
	OSName="Linux"
	Hostname="drizzt-G5-GD"
	OSRelease="6.14.0-33-generic"
	OSVersion="#33~24.04.1-Ubuntu SMP PREEMPT_DYNAMIC Fri Sep 19 17:02:30 UTC 2"
	OSPlatform="x86_64"
	Is64Bits="1"
	VendorString="GenuineIntel"
	VendorID="Intel Corporation"
	FamilyID="6"
	ModelID="141"
	ProcessorCacheSize="12288"
	NumberOfLogicalCPU="12"
	NumberOfPhysicalCPU="6"
	TotalVirtualMemory="3814"
	TotalPhysicalMemory="15772"
	LogicalProcessorsPerPhysical="2"
	ProcessorClockFrequency="994.526"
	>
	<Testing>
		<StartDateTime>Nov 03 21:59 CET</StartDateTime>
		<StartTestTime>1762203585</StartTestTime>
		<TestList>
			<Test>./TestFSIVImageSharpening</Test>
		</TestList>
		<Test Status="passed">
			<Name>TestFSIVImageSharpening</Name>
			<Path>.</Path>
			<FullName>./TestFSIVImageSharpening</FullName>
			<FullCommandLine>/home/drizzt/Escritorio/Sistemas\ inteligentes\ en\ visión/Práctica3/build-sharpening/test_common_code "fsiv_image_sharpening"</FullCommandLine>
			<Results>
				<NamedMeasurement type="numeric/double" name="Execution Time">
					<Value>0.00584554</Value>
				</NamedMeasurement>
				<NamedMeasurement type="numeric/double" name="Processors">
					<Value>1</Value>
				</NamedMeasurement>
				<NamedMeasurement type="text/string" name="Completion Status">
					<Value>Completed</Value>
				</NamedMeasurement>
				<NamedMeasurement type="text/string" name="Command Line">
					<Value>/home/drizzt/Escritorio/Sistemas\ inteligentes\ en\ visión/Práctica3/build-sharpening/test_common_code "fsiv_image_sharpening"</Value>
				</NamedMeasurement>
				<NamedMeasurement type="text/string" name="Environment">
					<Value>#CTEST_RESOURCE_GROUP_COUNT=</Value>
				</NamedMeasurement>
				<Measurement>
					<Value encoding="base64" compression="gzip">eJwLSsxLyc9VKE5NTbFSMLEwNjExNLU0srQ0MOUKSS0uycxLV0grziyLz8xNTE+NL85ILCpIzQOJ6unpccWU4FejkZaZU5JaFF9SWZBqa6CjkJxZlFyak1hka6AJ0q+g4J+tSJohhtQwxEhHocgQZFSRka0JNQxE9pohkiEAX/Z1sg==</Value>
				</Measurement>
			</Results>
		</Test>
		<EndDateTime>Nov 03 21:59 CET</EndDateTime>
		<EndTestTime>1762203585</EndTestTime>
		<ElapsedMinutes>0</ElapsedMinutes>
	</Testing>
</Site>
