<?xml version="1.0" encoding="UTF-8"?>
<Site BuildName="(empty)"
	BuildStamp="20251202-0959-Experimental"
	Name="(empty)"
	Generator="ctest-3.28.3"
	CompilerName=""
	CompilerVersion=""
	OSName="Linux"
	Hostname="drizzt-G5-GD"
	OSRelease="6.14.0-33-generic"
	OSVersion="#33~24.04.1-Ubuntu SMP PREEMPT_DYNAMIC Fri Sep 19 17:02:30 UTC 2"
	OSPlatform="x86_64"
	Is64Bits="1"
	VendorString="GenuineIntel"
	VendorID="Intel Corporation"
	FamilyID="6"
	ModelID="141"
	ProcessorCacheSize="12288"
	NumberOfLogicalCPU="12"
	NumberOfPhysicalCPU="6"
	TotalVirtualMemory="3814"
	TotalPhysicalMemory="15772"
	LogicalProcessorsPerPhysical="2"
	ProcessorClockFrequency="3885.49"
	>
	<Testing>
		<StartDateTime>Dec 02 12:34 CET</StartDateTime>
		<StartTestTime>1764675262</StartTestTime>
		<TestList>
			<Test>./TestFSIVComputeF1Score</Test>
		</TestList>
		<Test Status="passed">
			<Name>TestFSIVComputeF1Score</Name>
			<Path>.</Path>
			<FullName>./TestFSIVComputeF1Score</FullName>
			<FullCommandLine>/home/drizzt/Escritorio/Sistemas\ inteligentes\ en\ visión/Práctica5/build-edge_detector/test_common_code "fsiv_compute_F1_score"</FullCommandLine>
			<Results>
				<NamedMeasurement type="numeric/double" name="Execution Time">
					<Value>0.00461835</Value>
				</NamedMeasurement>
				<NamedMeasurement type="numeric/double" name="Processors">
					<Value>1</Value>
				</NamedMeasurement>
				<NamedMeasurement type="text/string" name="Completion Status">
					<Value>Completed</Value>
				</NamedMeasurement>
				<NamedMeasurement type="text/string" name="Command Line">
					<Value>/home/drizzt/Escritorio/Sistemas\ inteligentes\ en\ visión/Práctica5/build-edge_detector/test_common_code "fsiv_compute_F1_score"</Value>
				</NamedMeasurement>
				<NamedMeasurement type="text/string" name="Environment">
					<Value>#CTEST_RESOURCE_GROUP_COUNT=</Value>
				</NamedMeasurement>
				<Measurement>
					<Value>Random seed: 5921426263055
Testing fsiv_compute_gradient_magnitude ...  Ok!
Testing fsiv_compute_F1_score ...  Ok!
</Value>
				</Measurement>
			</Results>
		</Test>
		<EndDateTime>Dec 02 12:34 CET</EndDateTime>
		<EndTestTime>1764675262</EndTestTime>
		<ElapsedMinutes>0</ElapsedMinutes>
	</Testing>
</Site>
