Start testing: Oct 29 17:25 CET
----------------------------------------------------------
5/8 Testing: TestFSIVFilter2D
5/8 Test: TestFSIVFilter2D
Command: "/home/drizzt/Escritorio/Sistemas inteligentes en visión/Práctica3/usm_enhance/build/test_common_code" "fsiv_filter2D"
Directory: /home/drizzt/Escritorio/Sistemas inteligentes en visión/Práctica3/usm_enhance/build
"TestFSIVFilter2D" start time: Oct 29 17:25 CET
Output:
----------------------------------------------------------
Random seed: 10226917169313
Testing fsiv_filter2D (r=4) ... 
<end of output>
Test time =   0.14 sec
----------------------------------------------------------
Test Failed.
"TestFSIVFilter2D" end time: Oct 29 17:25 CET
"TestFSIVFilter2D" time elapsed: 00:00:00
----------------------------------------------------------

End testing: Oct 29 17:25 CET
