<?xml version="1.0" encoding="UTF-8"?>
<Site BuildName="(empty)"
	BuildStamp="20251203-1106-Experimental"
	Name="(empty)"
	Generator="ctest-3.28.3"
	CompilerName=""
	CompilerVersion=""
	OSName="Linux"
	Hostname="drizzt-G5-GD"
	OSRelease="6.14.0-33-generic"
	OSVersion="#33~24.04.1-Ubuntu SMP PREEMPT_DYNAMIC Fri Sep 19 17:02:30 UTC 2"
	OSPlatform="x86_64"
	Is64Bits="1"
	VendorString="GenuineIntel"
	VendorID="Intel Corporation"
	FamilyID="6"
	ModelID="141"
	ProcessorCacheSize="12288"
	NumberOfLogicalCPU="12"
	NumberOfPhysicalCPU="6"
	TotalVirtualMemory="3814"
	TotalPhysicalMemory="15772"
	LogicalProcessorsPerPhysical="2"
	ProcessorClockFrequency="4009.21"
	>
	<Testing>
		<StartDateTime>Dec 03 13:58 CET</StartDateTime>
		<StartTestTime>1764766711</StartTestTime>
		<TestList>
			<Test>./TestFSIVLoadRTreesClassifierModel</Test>
		</TestList>
		<Test Status="passed">
			<Name>TestFSIVLoadRTreesClassifierModel</Name>
			<Path>.</Path>
			<FullName>./TestFSIVLoadRTreesClassifierModel</FullName>
			<FullCommandLine>/home/drizzt/Escritorio/Sistemas\ inteligentes\ en\ visión/Práctica6/build-pollen_clf/test_common_code "fsiv_load_rtrees_classifier_model"</FullCommandLine>
			<Results>
				<NamedMeasurement type="numeric/double" name="Execution Time">
					<Value>0.0413984</Value>
				</NamedMeasurement>
				<NamedMeasurement type="numeric/double" name="Processors">
					<Value>1</Value>
				</NamedMeasurement>
				<NamedMeasurement type="text/string" name="Completion Status">
					<Value>Completed</Value>
				</NamedMeasurement>
				<NamedMeasurement type="text/string" name="Command Line">
					<Value>/home/drizzt/Escritorio/Sistemas\ inteligentes\ en\ visión/Práctica6/build-pollen_clf/test_common_code "fsiv_load_rtrees_classifier_model"</Value>
				</NamedMeasurement>
				<NamedMeasurement type="text/string" name="Environment">
					<Value>#CTEST_RESOURCE_GROUP_COUNT=</Value>
				</NamedMeasurement>
				<Measurement>
					<Value>Random seed: 6847310657757
Testing fsiv_load_rtrees_classifier_model() V=10 ...  Ok!
</Value>
				</Measurement>
			</Results>
		</Test>
		<EndDateTime>Dec 03 13:58 CET</EndDateTime>
		<EndTestTime>1764766711</EndTestTime>
		<ElapsedMinutes>0</ElapsedMinutes>
	</Testing>
</Site>
