<?xml version="1.0" encoding="UTF-8"?>
<Site BuildName="(empty)"
	BuildStamp="20251016-1554-Experimental"
	Name="(empty)"
	Generator="ctest-3.28.3"
	CompilerName=""
	CompilerVersion=""
	OSName="Linux"
	Hostname="drizzt-G5-GD"
	OSRelease="6.14.0-33-generic"
	OSVersion="#33~24.04.1-Ubuntu SMP PREEMPT_DYNAMIC Fri Sep 19 17:02:30 UTC 2"
	OSPlatform="x86_64"
	Is64Bits="1"
	VendorString="GenuineIntel"
	VendorID="Intel Corporation"
	FamilyID="6"
	ModelID="141"
	ProcessorCacheSize="12288"
	NumberOfLogicalCPU="12"
	NumberOfPhysicalCPU="6"
	TotalVirtualMemory="3814"
	TotalPhysicalMemory="15772"
	LogicalProcessorsPerPhysical="2"
	ProcessorClockFrequency="1300.03"
	>
	<Testing>
		<StartDateTime>Oct 16 17:54 CEST</StartDateTime>
		<StartTestTime>1760630095</StartTestTime>
		<TestList>
			<Test>./TestFSIVComputeClippedHistogram</Test>
		</TestList>
		<Test Status="passed">
			<Name>TestFSIVComputeClippedHistogram</Name>
			<Path>.</Path>
			<FullName>./TestFSIVComputeClippedHistogram</FullName>
			<FullCommandLine>/home/drizzt/Escritorio/Sistemas\ inteligentes\ en\ visión/Práctica2/img_equalization/build/test_common_code "fsiv_compute_clipped_histogram"</FullCommandLine>
			<Results>
				<NamedMeasurement type="numeric/double" name="Execution Time">
					<Value>0.00982362</Value>
				</NamedMeasurement>
				<NamedMeasurement type="numeric/double" name="Processors">
					<Value>1</Value>
				</NamedMeasurement>
				<NamedMeasurement type="text/string" name="Completion Status">
					<Value>Completed</Value>
				</NamedMeasurement>
				<NamedMeasurement type="text/string" name="Command Line">
					<Value>/home/drizzt/Escritorio/Sistemas\ inteligentes\ en\ visión/Práctica2/img_equalization/build/test_common_code "fsiv_compute_clipped_histogram"</Value>
				</NamedMeasurement>
				<NamedMeasurement type="text/string" name="Environment">
					<Value>#CTEST_RESOURCE_GROUP_COUNT=</Value>
				</NamedMeasurement>
				<Measurement>
					<Value>Random seed: 8346656786514
Testing fsiv_compute_clipped_histogram(cl=497) ...  Ok!
</Value>
				</Measurement>
			</Results>
		</Test>
		<EndDateTime>Oct 16 17:54 CEST</EndDateTime>
		<EndTestTime>1760630095</EndTestTime>
		<ElapsedMinutes>0</ElapsedMinutes>
	</Testing>
</Site>
