<?xml version="1.0" encoding="UTF-8"?>
<Site BuildName="(empty)"
	BuildStamp="20251030-0808-Experimental"
	Name="(empty)"
	Generator="ctest-3.28.3"
	CompilerName=""
	CompilerVersion=""
	OSName="Linux"
	Hostname="drizzt-G5-GD"
	OSRelease="6.14.0-33-generic"
	OSVersion="#33~24.04.1-Ubuntu SMP PREEMPT_DYNAMIC Fri Sep 19 17:02:30 UTC 2"
	OSPlatform="x86_64"
	Is64Bits="1"
	VendorString="GenuineIntel"
	VendorID="Intel Corporation"
	FamilyID="6"
	ModelID="141"
	ProcessorCacheSize="12288"
	NumberOfLogicalCPU="12"
	NumberOfPhysicalCPU="6"
	TotalVirtualMemory="3814"
	TotalPhysicalMemory="15772"
	LogicalProcessorsPerPhysical="2"
	ProcessorClockFrequency="3669.23"
	>
	<Testing>
		<StartDateTime>Oct 30 20:25 CET</StartDateTime>
		<StartTestTime>1761852325</StartTestTime>
		<TestList>
			<Test>./TestFSIVUSMEnhanceCircular</Test>
		</TestList>
		<Test Status="passed">
			<Name>TestFSIVUSMEnhanceCircular</Name>
			<Path>.</Path>
			<FullName>./TestFSIVUSMEnhanceCircular</FullName>
			<FullCommandLine>/home/drizzt/Escritorio/Sistemas\ inteligentes\ en\ visión/Práctica3/usm_enhance/build/test_common_code "fsiv_usm_enhance_circular"</FullCommandLine>
			<Results>
				<NamedMeasurement type="numeric/double" name="Execution Time">
					<Value>0.0641155</Value>
				</NamedMeasurement>
				<NamedMeasurement type="numeric/double" name="Processors">
					<Value>1</Value>
				</NamedMeasurement>
				<NamedMeasurement type="text/string" name="Completion Status">
					<Value>Completed</Value>
				</NamedMeasurement>
				<NamedMeasurement type="text/string" name="Command Line">
					<Value>/home/drizzt/Escritorio/Sistemas\ inteligentes\ en\ visión/Práctica3/usm_enhance/build/test_common_code "fsiv_usm_enhance_circular"</Value>
				</NamedMeasurement>
				<NamedMeasurement type="text/string" name="Environment">
					<Value>#CTEST_RESOURCE_GROUP_COUNT=</Value>
				</NamedMeasurement>
				<Measurement>
					<Value>Random seed: 13420460489294
Testing fsiv_usm_enhance (circular) (g=1.59, r=7, filter_type=1) ...  Ok!
</Value>
				</Measurement>
			</Results>
		</Test>
		<EndDateTime>Oct 30 20:25 CET</EndDateTime>
		<EndTestTime>1761852325</EndTestTime>
		<ElapsedMinutes>0</ElapsedMinutes>
	</Testing>
</Site>
